RUN	com.perftest.AdvancedSimulationStep03		advancedsimulationstep03	1538191137649	 	2.0
USER	Users	1	START	1538191139303	1538191139303
USER	Admins	4	START	1538191139338	1538191139338
REQUEST	Admins	4		Home	1538191139338	1538191139968	OK	 
REQUEST	Users	1		Home	1538191139330	1538191139968	OK	 
REQUEST	Admins	4		Home Redirect 1	1538191140015	1538191140325	OK	 
REQUEST	Users	1		Home Redirect 1	1538191140015	1538191140325	OK	 
USER	Users	2	START	1538191140353	1538191140353
REQUEST	Users	2		Home	1538191140353	1538191140984	OK	 
REQUEST	Users	2		Home Redirect 1	1538191140989	1538191141298	OK	 
USER	Users	3	START	1538191141353	1538191141353
REQUEST	Admins	4		Search	1538191141373	1538191141706	OK	 
REQUEST	Users	1		Search	1538191141380	1538191141709	OK	 
REQUEST	Users	3		Home	1538191141355	1538191142019	OK	 
USER	Users	5	START	1538191142316	1538191142316
REQUEST	Users	3		Home Redirect 1	1538191142022	1538191142338	OK	 
REQUEST	Users	2		Search	1538191142317	1538191142623	OK	 
REQUEST	Users	5		Home	1538191142316	1538191142957	OK	 
REQUEST	Admins	4		Select	1538191142721	1538191143030	OK	 
REQUEST	Users	1		Select	1538191142718	1538191143032	OK	 
REQUEST	Users	5		Home Redirect 1	1538191142960	1538191143273	OK	 
USER	Users	6	START	1538191143312	1538191143312
REQUEST	Users	3		Search	1538191143344	1538191143671	OK	 
REQUEST	Users	6		Home	1538191143313	1538191143943	OK	 
REQUEST	Users	2		Select	1538191143626	1538191143942	OK	 
REQUEST	Users	6		Home Redirect 1	1538191143945	1538191144258	OK	 
USER	Users	7	START	1538191144326	1538191144326
USER	Admins	8	START	1538191144326	1538191144326
REQUEST	Admins	4		Home	1538191144028	1538191144333	OK	 
REQUEST	Users	1		Home	1538191144028	1538191144335	OK	 
REQUEST	Users	5		Search	1538191144283	1538191144598	OK	 
REQUEST	Admins	4		Home Redirect 1	1538191144335	1538191144641	OK	 
REQUEST	Users	1		Home Redirect 1	1538191144336	1538191144642	OK	 
REQUEST	Admins	8		Home	1538191144327	1538191144938	OK	 
REQUEST	Users	7		Home	1538191144327	1538191144950	OK	 
REQUEST	Users	3		Select	1538191144687	1538191145003	OK	 
REQUEST	Admins	8		Home Redirect 1	1538191144942	1538191145242	OK	 
REQUEST	Users	2		Home	1538191144947	1538191145254	OK	 
REQUEST	Users	7		Home Redirect 1	1538191144954	1538191145267	OK	 
USER	Users	9	START	1538191145316	1538191145316
REQUEST	Users	2		Home Redirect 1	1538191145256	1538191145562	OK	 
REQUEST	Users	6		Search	1538191145275	1538191145579	OK	 
REQUEST	Users	5		Select	1538191145616	1538191145934	OK	 
REQUEST	Users	9		Home	1538191145317	1538191145966	OK	 
REQUEST	Users	9		Home Redirect 1	1538191145970	1538191146286	OK	 
REQUEST	Users	3		Home	1538191145994	1538191146308	OK	 
USER	Users	10	START	1538191146314	1538191146314
REQUEST	Admins	8		Search	1538191146267	1538191146568	OK	 
REQUEST	Users	7		Search	1538191146288	1538191146601	OK	 
REQUEST	Users	3		Home Redirect 1	1538191146310	1538191146623	OK	 
REQUEST	Users	6		Select	1538191146583	1538191146888	OK	 
REQUEST	Admins	4		Page 1	1538191146635	1538191146945	OK	 
REQUEST	Users	10		Home	1538191146314	1538191146946	OK	 
REQUEST	Users	1		Page 1	1538191146645	1538191146953	OK	 
REQUEST	Users	5		Home	1538191146934	1538191147253	OK	 
REQUEST	Users	10		Home Redirect 1	1538191146948	1538191147260	OK	 
USER	Users	11	START	1538191147323	1538191147323
REQUEST	Users	5		Home Redirect 1	1538191147254	1538191147572	OK	 
REQUEST	Users	9		Search	1538191147298	1538191147623	OK	 
REQUEST	Admins	8		Select	1538191147564	1538191147880	OK	 
REQUEST	Users	7		Select	1538191147607	1538191147926	OK	 
REQUEST	Users	11		Home	1538191147323	1538191147935	OK	 
REQUEST	Users	1		Page 2	1538191147628	1538191147938	OK	 
REQUEST	Admins	4		Page 2	1538191147628	1538191147940	OK	 
REQUEST	Users	6		Home	1538191147889	1538191148195	OK	 
REQUEST	Users	11		Home Redirect 1	1538191147938	1538191148246	OK	 
USER	Users	12	START	1538191148322	1538191148322
REQUEST	Users	6		Home Redirect 1	1538191148198	1538191148508	OK	 
REQUEST	Users	10		Search	1538191148276	1538191148595	OK	 
REQUEST	Admins	4		Page 3	1538191148563	1538191148867	OK	 
REQUEST	Users	1		Page 3	1538191148563	1538191148875	OK	 
REQUEST	Users	2		Page 1	1538191147564	1538191148878	OK	 
REQUEST	Users	9		Select	1538191148625	1538191148958	OK	 
REQUEST	Users	3		Page 1	1538191148637	1538191148961	OK	 
REQUEST	Users	12		Home	1538191148323	1538191148962	OK	 
REQUEST	Admins	8		Home	1538191148875	1538191149172	OK	 
REQUEST	Users	7		Home	1538191148923	1538191149234	OK	 
REQUEST	Users	12		Home Redirect 1	1538191148964	1538191149278	OK	 
REQUEST	Admins	8		Home Redirect 1	1538191149174	1538191149482	OK	 
REQUEST	Users	7		Home Redirect 1	1538191149236	1538191149550	OK	 
REQUEST	Users	11		Search	1538191149266	1538191149573	OK	 
REQUEST	Users	5		Page 1	1538191149575	1538191149889	OK	 
REQUEST	Admins	4		Page 4	1538191149607	1538191149912	OK	 
REQUEST	Users	1		Page 4	1538191149618	1538191149925	OK	 
REQUEST	Users	3		Page 2	1538191149622	1538191149935	OK	 
REQUEST	Users	2		Page 2	1538191149543	1538191150148	OK	 
REQUEST	Users	10		Select	1538191149607	1538191150223	OK	 
REQUEST	Users	9		Home	1538191149965	1538191150277	OK	 
REQUEST	Users	9		Home Redirect 1	1538191150278	1538191150607	OK	 
REQUEST	Users	12		Search	1538191150294	1538191150616	OK	 
REQUEST	Users	6		Page 1	1538191150508	1538191150812	OK	 
REQUEST	Users	5		Page 2	1538191150544	1538191150856	OK	 
REQUEST	Users	3		Page 3	1538191150575	1538191150893	OK	 
REQUEST	Users	2		Page 3	1538191150779	1538191151470	OK	 
REQUEST	Users	11		Select	1538191150575	1538191151475	OK	 
REQUEST	Users	10		Home	1538191151215	1538191151522	OK	 
REQUEST	Admins	8		Page 1	1538191151482	1538191151787	OK	 
REQUEST	Users	6		Page 2	1538191151493	1538191151799	OK	 
REQUEST	Users	5		Page 3	1538191151493	1538191151809	OK	 
REQUEST	Users	7		Page 1	1538191151546	1538191151864	OK	 
REQUEST	Users	12		Select	1538191151614	1538191151924	OK	 
REQUEST	Users	3		Page 4	1538191151625	1538191151941	OK	 
REQUEST	Users	10		Home Redirect 1	1538191151524	1538191152236	OK	 
REQUEST	Users	2		Page 4	1538191152207	1538191152546	OK	 
REQUEST	Users	6		Page 3	1538191152413	1538191152737	OK	 
REQUEST	Admins	8		Page 2	1538191152465	1538191152771	OK	 
REQUEST	Users	11		Home	1538191152476	1538191152774	OK	 
REQUEST	Users	7		Page 2	1538191152543	1538191152858	OK	 
REQUEST	Users	5		Page 4	1538191152543	1538191152859	OK	 
REQUEST	Users	9		Page 1	1538191152605	1538191152935	OK	 
REQUEST	Users	11		Home Redirect 1	1538191152776	1538191153077	OK	 
REQUEST	Users	12		Home	1538191152932	1538191153241	OK	 
REQUEST	Users	12		Home Redirect 1	1538191153242	1538191153552	OK	 
REQUEST	Admins	8		Page 3	1538191153392	1538191153692	OK	 
REQUEST	Users	6		Page 4	1538191153478	1538191153781	OK	 
REQUEST	Users	7		Page 3	1538191153482	1538191153795	OK	 
REQUEST	Users	9		Page 2	1538191153616	1538191153932	OK	 
REQUEST	Admins	8		Page 4	1538191154435	1538191154740	OK	 
REQUEST	Users	10		Page 1	1538191154243	1538191154858	OK	 
REQUEST	Users	7		Page 4	1538191154534	1538191154858	OK	 
REQUEST	Users	9		Page 3	1538191154556	1538191154870	OK	 
USER	Users	1	END	1538191139303	1538191154936
REQUEST	Users	11		Page 1	1538191155084	1538191155389	OK	 
REQUEST	Admins	4		Form	1538191154917	1538191155561	OK	 
REQUEST	Users	12		Page 1	1538191155542	1538191155867	OK	 
REQUEST	Users	9		Page 4	1538191155606	1538191155955	OK	 
REQUEST	Users	10		Page 2	1538191155522	1538191156138	OK	 
REQUEST	Users	12		Page 2	1538191156545	1538191156855	OK	 
REQUEST	Admins	4		Post	1538191156554	1538191156872	OK	 
USER	Users	3	END	1538191141353	1538191156935
REQUEST	Admins	4		Post Redirect 1	1538191156887	1538191157204	OK	 
USER	Admins	4	END	1538191139338	1538191157215
REQUEST	Users	11		Page 2	1538191156053	1538191157328	OK	 
REQUEST	Users	10		Page 3	1538191156765	1538191157390	OK	 
USER	Users	2	END	1538191140353	1538191157547
REQUEST	Users	12		Page 3	1538191157495	1538191157806	OK	 
USER	Users	5	END	1538191142316	1538191157868
REQUEST	Users	11		Page 3	1538191157954	1538191158551	OK	 
REQUEST	Users	10		Page 4	1538191158124	1538191158740	OK	 
USER	Users	6	END	1538191143312	1538191158772
REQUEST	Users	12		Page 4	1538191158536	1538191158847	OK	 
USER	Users	7	END	1538191144326	1538191159856
REQUEST	Users	11		Page 4	1538191159284	1538191160178	OK	 
REQUEST	Admins	8		Form	1538191159736	1538191160411	OK	 
USER	Users	9	END	1538191145316	1538191160955
REQUEST	Admins	8		Post	1538191161416	1538191161761	OK	 
REQUEST	Admins	8		Post Redirect 1	1538191161764	1538191162081	OK	 
USER	Admins	8	END	1538191144326	1538191162082
USER	Users	10	END	1538191146314	1538191163746
USER	Users	12	END	1538191148322	1538191163846
USER	Users	11	END	1538191147323	1538191165176
